<?xml version="1.0" encoding="utf-8"?>
<coverage line-rate="0.8966" branch-rate="0.9183" version="1.9" timestamp="1757679335" lines-covered="269" lines-valid="300" branches-covered="135" branches-valid="147">
  <sources>
    <source>/workspace/session-5/competitor-4/solution/Skills.TP.2025.ES.TestModule.Solution/</source>
  </sources>
  <packages>
    <package name="Skills.TP.2025.ES.TestModule.Solution" line-rate="0.8966" branch-rate="0.9183" complexity="159">
      <classes>
        <class name="Program/&lt;&lt;Main&gt;$&gt;d__0" filename="Program.cs" line-rate="0" branch-rate="0" complexity="2">
          <methods>
            <method name="MoveNext" signature="()" line-rate="0" branch-rate="0" complexity="2">
              <lines>
                <line number="5" hits="0" branch="False" />
                <line number="7" hits="0" branch="False" />
                <line number="9" hits="0" branch="False" />
                <line number="11" hits="0" branch="False" />
                <line number="13" hits="0" branch="False" />
                <line number="14" hits="0" branch="False" />
                <line number="15" hits="0" branch="False" />
                <line number="16" hits="0" branch="False" />
                <line number="17" hits="0" branch="False" />
                <line number="18" hits="0" branch="False" />
                <line number="19" hits="0" branch="True" condition-coverage="0% (0/2)">
                  <conditions>
                    <condition number="579" type="jump" coverage="0%" />
                  </conditions>
                </line>
              </lines>
            </method>
          </methods>
          <lines>
            <line number="5" hits="0" branch="False" />
            <line number="7" hits="0" branch="False" />
            <line number="9" hits="0" branch="False" />
            <line number="11" hits="0" branch="False" />
            <line number="13" hits="0" branch="False" />
            <line number="14" hits="0" branch="False" />
            <line number="15" hits="0" branch="False" />
            <line number="16" hits="0" branch="False" />
            <line number="17" hits="0" branch="False" />
            <line number="18" hits="0" branch="False" />
            <line number="19" hits="0" branch="True" condition-coverage="0% (0/2)">
              <conditions>
                <condition number="579" type="jump" coverage="0%" />
              </conditions>
            </line>
          </lines>
        </class>
        <class name="Skills.TP._2025.ES.TestModule.Solution.Services.DefaultDiagnosticDataProcessor" filename="Services/DefaultDiagnosticDataProcessor.cs" line-rate="0.9138" branch-rate="0.9338" complexity="122">
          <methods>
            <method name="HandleLine" signature="(System.ReadOnlySpan`1&lt;System.Char&gt;)" line-rate="0.8529000000000001" branch-rate="0.9018999999999999" complexity="51">
              <lines>
                <line number="131" hits="59" branch="False" />
                <line number="132" hits="59" branch="False" />
                <line number="133" hits="59" branch="False" />
                <line number="134" hits="59" branch="False" />
                <line number="135" hits="59" branch="False" />
                <line number="136" hits="59" branch="False" />
                <line number="137" hits="59" branch="False" />
                <line number="138" hits="59" branch="False" />
                <line number="139" hits="59" branch="False" />
                <line number="140" hits="59" branch="False" />
                <line number="141" hits="59" branch="False" />
                <line number="143" hits="6456" branch="True" condition-coverage="100% (2/2)">
                  <conditions>
                    <condition number="309" type="jump" coverage="100%" />
                  </conditions>
                </line>
                <line number="144" hits="3184" branch="False" />
                <line number="145" hits="3184" branch="True" condition-coverage="100% (4/4)">
                  <conditions>
                    <condition number="65" type="jump" coverage="100%" />
                    <condition number="88" type="jump" coverage="100%" />
                  </conditions>
                </line>
                <line number="146" hits="367" branch="False" />
                <line number="147" hits="367" branch="False" />
                <line number="150" hits="367" branch="False" />
                <line number="151" hits="367" branch="True" condition-coverage="100% (9/9)">
                  <conditions>
                    <condition number="118" type="switch" coverage="100%" />
                  </conditions>
                </line>
                <line number="153" hits="103" branch="False" />
                <line number="154" hits="88" branch="False" />
                <line number="155" hits="88" branch="False" />
                <line number="156" hits="88" branch="False" />
                <line number="157" hits="88" branch="False" />
                <line number="158" hits="88" branch="False" />
                <line number="159" hits="88" branch="False" />
                <line number="160" hits="88" branch="False" />
                <line number="162" hits="352" branch="False" />
                <line number="163" hits="15" branch="False" />
                <line number="164" hits="15" branch="False" />
                <line number="166" hits="15" branch="False" />
                <line number="169" hits="352" branch="False" />
                <line number="170" hits="352" branch="False" />
                <line number="171" hits="352" branch="False" />
                <line number="172" hits="3169" branch="False" />
                <line number="174" hits="44" branch="True" condition-coverage="50% (1/2)">
                  <conditions>
                    <condition number="325" type="jump" coverage="50%" />
                  </conditions>
                </line>
                <line number="175" hits="0" branch="False" />
                <line number="177" hits="0" branch="False" />
                <line number="180" hits="44" branch="False" />
                <line number="181" hits="44" branch="False" />
                <line number="183" hits="44" branch="False" />
                <line number="184" hits="44" branch="False" />
                <line number="186" hits="44" branch="True" condition-coverage="100% (2/2)">
                  <conditions>
                    <condition number="426" type="jump" coverage="100%" />
                  </conditions>
                </line>
                <line number="189" hits="4" branch="True" condition-coverage="100% (2/2)">
                  <conditions>
                    <condition number="443" type="jump" coverage="100%" />
                  </conditions>
                </line>
                <line number="190" hits="4" branch="False" />
                <line number="191" hits="4" branch="False" />
                <line number="192" hits="4" branch="False" />
                <line number="194" hits="4" branch="False" />
                <line number="195" hits="4" branch="False" />
                <line number="196" hits="4" branch="False" />
                <line number="199" hits="40" branch="False" />
                <line number="201" hits="40" branch="True" condition-coverage="100% (4/4)">
                  <conditions>
                    <condition number="538" type="jump" coverage="100%" />
                    <condition number="622" type="jump" coverage="100%" />
                  </conditions>
                </line>
                <line number="202" hits="13" branch="False" />
                <line number="203" hits="13" branch="False" />
                <line number="205" hits="13" branch="True" condition-coverage="100% (2/2)">
                  <conditions>
                    <condition number="672" type="jump" coverage="100%" />
                  </conditions>
                </line>
                <line number="206" hits="2" branch="False" />
                <line number="207" hits="2" branch="False" />
                <line number="209" hits="2" branch="False" />
                <line number="212" hits="11" branch="False" />
                <line number="213" hits="11" branch="False" />
                <line number="216" hits="38" branch="True" condition-coverage="100% (2/2)">
                  <conditions>
                    <condition number="729" type="jump" coverage="100%" />
                  </conditions>
                </line>
                <line number="217" hits="11" branch="False" />
                <line number="218" hits="11" branch="True" condition-coverage="100% (2/2)">
                  <conditions>
                    <condition number="738" type="jump" coverage="100%" />
                  </conditions>
                </line>
                <line number="219" hits="11" branch="False" />
                <line number="220" hits="11" branch="False" />
                <line number="221" hits="11" branch="False" />
                <line number="223" hits="11" branch="False" />
                <line number="226" hits="27" branch="True" condition-coverage="100% (2/2)">
                  <conditions>
                    <condition number="804" type="jump" coverage="100%" />
                  </conditions>
                </line>
                <line number="227" hits="1" branch="False" />
                <line number="228" hits="1" branch="True" condition-coverage="50% (1/2)">
                  <conditions>
                    <condition number="841" type="jump" coverage="50%" />
                  </conditions>
                </line>
                <line number="229" hits="1" branch="False" />
                <line number="230" hits="1" branch="False" />
                <line number="233" hits="0" branch="False" />
                <line number="235" hits="0" branch="False" />
                <line number="238" hits="26" branch="False" />
                <line number="240" hits="26" branch="True" condition-coverage="100% (2/2)">
                  <conditions>
                    <condition number="969" type="jump" coverage="100%" />
                  </conditions>
                </line>
                <line number="242" hits="20" branch="True" condition-coverage="50% (1/2)">
                  <conditions>
                    <condition number="984" type="jump" coverage="50%" />
                  </conditions>
                </line>
                <line number="243" hits="0" branch="False" />
                <line number="244" hits="0" branch="False" />
                <line number="246" hits="0" branch="False" />
                <line number="247" hits="0" branch="False" />
                <line number="248" hits="0" branch="False" />
                <line number="252" hits="26" branch="True" condition-coverage="100% (2/2)">
                  <conditions>
                    <condition number="1090" type="jump" coverage="100%" />
                  </conditions>
                </line>
                <line number="253" hits="26" branch="False" />
                <line number="254" hits="26" branch="False" />
                <line number="255" hits="26" branch="False" />
                <line number="257" hits="26" branch="True" condition-coverage="100% (2/2)">
                  <conditions>
                    <condition number="1126" type="jump" coverage="100%" />
                  </conditions>
                </line>
                <line number="258" hits="2" branch="False" />
                <line number="259" hits="2" branch="False" />
                <line number="262" hits="24" branch="True" condition-coverage="100% (4/4)">
                  <conditions>
                    <condition number="1145" type="jump" coverage="100%" />
                    <condition number="1168" type="jump" coverage="100%" />
                  </conditions>
                </line>
                <line number="263" hits="11" branch="False" />
                <line number="264" hits="11" branch="True" condition-coverage="50% (1/2)">
                  <conditions>
                    <condition number="1187" type="jump" coverage="50%" />
                  </conditions>
                </line>
                <line number="265" hits="0" branch="False" />
                <line number="266" hits="0" branch="False" />
                <line number="267" hits="0" branch="False" />
                <line number="268" hits="11" branch="False" />
                <line number="270" hits="13" branch="False" />
                <line number="271" hits="13" branch="True" condition-coverage="50% (1/2)">
                  <conditions>
                    <condition number="1238" type="jump" coverage="50%" />
                  </conditions>
                </line>
                <line number="272" hits="0" branch="False" />
                <line number="273" hits="0" branch="False" />
                <line number="274" hits="0" branch="False" />
                <line number="275" hits="13" branch="False" />
                <line number="276" hits="59" branch="False" />
              </lines>
            </method>
            <method name="CalculateEndFailure" signature="()" line-rate="1" branch-rate="0.9444" complexity="18">
              <lines>
                <line number="279" hits="13" branch="False" />
                <line number="280" hits="13" branch="True" condition-coverage="100% (2/2)">
                  <conditions>
                    <condition number="14" type="jump" coverage="100%" />
                  </conditions>
                </line>
                <line number="281" hits="4" branch="False" />
                <line number="283" hits="4" branch="True" condition-coverage="87.5% (7/8)">
                  <conditions>
                    <condition number="26" type="jump" coverage="50%" />
                    <condition number="47" type="jump" coverage="100%" />
                    <condition number="68" type="jump" coverage="100%" />
                    <condition number="124" type="jump" coverage="100%" />
                  </conditions>
                </line>
                <line number="284" hits="4" branch="False" />
                <line number="285" hits="4" branch="False" />
                <line number="286" hits="2" branch="False" />
                <line number="287" hits="2" branch="False" />
                <line number="288" hits="2" branch="False" />
                <line number="289" hits="2" branch="True" condition-coverage="100% (2/2)">
                  <conditions>
                    <condition number="164" type="jump" coverage="100%" />
                  </conditions>
                </line>
                <line number="290" hits="1" branch="False" />
                <line number="291" hits="1" branch="False" />
                <line number="292" hits="1" branch="False" />
                <line number="294" hits="2" branch="False" />
                <line number="297" hits="2" branch="False" />
                <line number="300" hits="9" branch="True" condition-coverage="100% (2/2)">
                  <conditions>
                    <condition number="220" type="jump" coverage="100%" />
                  </conditions>
                </line>
                <line number="301" hits="9" branch="False" />
                <line number="303" hits="9" branch="True" condition-coverage="100% (2/2)">
                  <conditions>
                    <condition number="249" type="jump" coverage="100%" />
                  </conditions>
                </line>
                <line number="304" hits="4" branch="False" />
                <line number="305" hits="4" branch="False" />
                <line number="306" hits="4" branch="True" condition-coverage="100% (2/2)">
                  <conditions>
                    <condition number="277" type="jump" coverage="100%" />
                  </conditions>
                </line>
                <line number="307" hits="4" branch="False" />
                <line number="308" hits="4" branch="False" />
                <line number="309" hits="4" branch="False" />
                <line number="311" hits="4" branch="False" />
                <line number="313" hits="5" branch="False" />
                <line number="315" hits="5" branch="False" />
                <line number="316" hits="13" branch="False" />
              </lines>
            </method>
            <method name="CalculateStartFailure" signature="()" line-rate="1" branch-rate="1" complexity="16">
              <lines>
                <line number="319" hits="17" branch="False" />
                <line number="321" hits="17" branch="True" condition-coverage="100% (8/8)">
                  <conditions>
                    <condition number="7" type="jump" coverage="100%" />
                    <condition number="28" type="jump" coverage="100%" />
                    <condition number="49" type="jump" coverage="100%" />
                    <condition number="125" type="jump" coverage="100%" />
                  </conditions>
                </line>
                <line number="322" hits="17" branch="False" />
                <line number="323" hits="17" branch="False" />
                <line number="324" hits="2" branch="False" />
                <line number="325" hits="2" branch="False" />
                <line number="326" hits="2" branch="False" />
                <line number="327" hits="2" branch="False" />
                <line number="329" hits="2" branch="False" />
                <line number="333" hits="15" branch="True" condition-coverage="100% (8/8)">
                  <conditions>
                    <condition number="236" type="jump" coverage="100%" />
                    <condition number="257" type="jump" coverage="100%" />
                    <condition number="278" type="jump" coverage="100%" />
                    <condition number="312" type="jump" coverage="100%" />
                  </conditions>
                </line>
                <line number="334" hits="15" branch="False" />
                <line number="335" hits="5" branch="False" />
                <line number="336" hits="5" branch="False" />
                <line number="337" hits="5" branch="False" />
                <line number="339" hits="5" branch="False" />
                <line number="342" hits="10" branch="False" />
                <line number="343" hits="17" branch="False" />
              </lines>
            </method>
            <method name="CalculateEnergyGeneration" signature="(System.Nullable`1&lt;System.Int64&gt;)" line-rate="0.9268000000000001" branch-rate="0.9615" complexity="26">
              <lines>
                <line number="346" hits="55" branch="False" />
                <line number="347" hits="55" branch="True" condition-coverage="100% (2/2)">
                  <conditions>
                    <condition number="21" type="jump" coverage="100%" />
                  </conditions>
                </line>
                <line number="348" hits="12" branch="False" />
                <line number="349" hits="12" branch="False" />
                <line number="352" hits="43" branch="True" condition-coverage="100% (2/2)">
                  <conditions>
                    <condition number="39" type="jump" coverage="100%" />
                  </conditions>
                </line>
                <line number="353" hits="43" branch="False" />
                <line number="354" hits="43" branch="False" />
                <line number="355" hits="43" branch="False" />
                <line number="357" hits="43" branch="False" />
                <line number="360" hits="43" branch="True" condition-coverage="100% (6/6)">
                  <conditions>
                    <condition number="197" type="jump" coverage="100%" />
                    <condition number="242" type="jump" coverage="100%" />
                    <condition number="275" type="jump" coverage="100%" />
                  </conditions>
                </line>
                <line number="361" hits="8" branch="False" />
                <line number="362" hits="8" branch="False" />
                <line number="363" hits="8" branch="False" />
                <line number="364" hits="8" branch="False" />
                <line number="366" hits="8" branch="False" />
                <line number="368" hits="8" branch="False" />
                <line number="371" hits="35" branch="True" condition-coverage="100% (2/2)">
                  <conditions>
                    <condition number="470" type="jump" coverage="100%" />
                  </conditions>
                </line>
                <line number="372" hits="2" branch="False" />
                <line number="373" hits="2" branch="True" condition-coverage="50% (1/2)">
                  <conditions>
                    <condition number="512" type="jump" coverage="50%" />
                  </conditions>
                </line>
                <line number="374" hits="0" branch="False" />
                <line number="375" hits="0" branch="False" />
                <line number="376" hits="0" branch="False" />
                <line number="378" hits="2" branch="False" />
                <line number="382" hits="33" branch="True" condition-coverage="100% (6/6)">
                  <conditions>
                    <condition number="599" type="jump" coverage="100%" />
                    <condition number="612" type="jump" coverage="100%" />
                    <condition number="635" type="jump" coverage="100%" />
                  </conditions>
                </line>
                <line number="383" hits="33" branch="False" />
                <line number="384" hits="15" branch="False" />
                <line number="385" hits="15" branch="False" />
                <line number="387" hits="15" branch="False" />
                <line number="391" hits="18" branch="True" condition-coverage="100% (2/2)">
                  <conditions>
                    <condition number="712" type="jump" coverage="100%" />
                  </conditions>
                </line>
                <line number="392" hits="15" branch="False" />
                <line number="393" hits="15" branch="False" />
                <line number="394" hits="15" branch="False" />
                <line number="397" hits="18" branch="True" condition-coverage="100% (2/2)">
                  <conditions>
                    <condition number="798" type="jump" coverage="100%" />
                  </conditions>
                </line>
                <line number="398" hits="4" branch="False" />
                <line number="399" hits="4" branch="False" />
                <line number="401" hits="4" branch="False" />
                <line number="405" hits="14" branch="True" condition-coverage="100% (2/2)">
                  <conditions>
                    <condition number="878" type="jump" coverage="100%" />
                  </conditions>
                </line>
                <line number="406" hits="8" branch="False" />
                <line number="407" hits="8" branch="False" />
                <line number="408" hits="8" branch="False" />
                <line number="409" hits="55" branch="False" />
              </lines>
            </method>
            <method name="StartNewSegment" signature="(System.Nullable`1&lt;Skills.TP._2025.ES.TestModule.Common.Enums.FailureType&gt;,System.Nullable`1&lt;System.Int64&gt;)" line-rate="1" branch-rate="0.9" complexity="10">
              <lines>
                <line number="412" hits="41" branch="False" />
                <line number="413" hits="41" branch="True" condition-coverage="100% (2/2)">
                  <conditions>
                    <condition number="15" type="jump" coverage="100%" />
                  </conditions>
                </line>
                <line number="414" hits="29" branch="False" />
                <line number="415" hits="29" branch="True" condition-coverage="100% (4/4)">
                  <conditions>
                    <condition number="35" type="jump" coverage="100%" />
                    <condition number="44" type="jump" coverage="100%" />
                  </conditions>
                </line>
                <line number="416" hits="29" branch="False" />
                <line number="417" hits="29" branch="False" />
                <line number="419" hits="29" branch="False" />
                <line number="420" hits="29" branch="False" />
                <line number="422" hits="41" branch="True" condition-coverage="100% (2/2)">
                  <conditions>
                    <condition number="142" type="jump" coverage="100%" />
                  </conditions>
                </line>
                <line number="423" hits="12" branch="False" />
                <line number="424" hits="12" branch="False" />
                <line number="425" hits="12" branch="False" />
                <line number="427" hits="12" branch="False" />
                <line number="430" hits="29" branch="True" condition-coverage="50% (1/2)">
                  <conditions>
                    <condition number="177" type="jump" coverage="50%" />
                  </conditions>
                </line>
                <line number="432" hits="29" branch="False" />
                <line number="433" hits="29" branch="False" />
                <line number="434" hits="29" branch="False" />
                <line number="435" hits="29" branch="False" />
                <line number="436" hits="29" branch="False" />
                <line number="437" hits="41" branch="False" />
              </lines>
            </method>
            <method name=".ctor" signature="()" line-rate="1" branch-rate="1" complexity="1">
              <lines>
                <line number="11" hits="16" branch="False" />
              </lines>
            </method>
          </methods>
          <lines>
            <line number="131" hits="59" branch="False" />
            <line number="132" hits="59" branch="False" />
            <line number="133" hits="59" branch="False" />
            <line number="134" hits="59" branch="False" />
            <line number="135" hits="59" branch="False" />
            <line number="136" hits="59" branch="False" />
            <line number="137" hits="59" branch="False" />
            <line number="138" hits="59" branch="False" />
            <line number="139" hits="59" branch="False" />
            <line number="140" hits="59" branch="False" />
            <line number="141" hits="59" branch="False" />
            <line number="143" hits="6456" branch="True" condition-coverage="100% (2/2)">
              <conditions>
                <condition number="309" type="jump" coverage="100%" />
              </conditions>
            </line>
            <line number="144" hits="3184" branch="False" />
            <line number="145" hits="3184" branch="True" condition-coverage="100% (4/4)">
              <conditions>
                <condition number="65" type="jump" coverage="100%" />
                <condition number="88" type="jump" coverage="100%" />
              </conditions>
            </line>
            <line number="146" hits="367" branch="False" />
            <line number="147" hits="367" branch="False" />
            <line number="150" hits="367" branch="False" />
            <line number="151" hits="367" branch="True" condition-coverage="100% (9/9)">
              <conditions>
                <condition number="118" type="switch" coverage="100%" />
              </conditions>
            </line>
            <line number="153" hits="103" branch="False" />
            <line number="154" hits="88" branch="False" />
            <line number="155" hits="88" branch="False" />
            <line number="156" hits="88" branch="False" />
            <line number="157" hits="88" branch="False" />
            <line number="158" hits="88" branch="False" />
            <line number="159" hits="88" branch="False" />
            <line number="160" hits="88" branch="False" />
            <line number="162" hits="352" branch="False" />
            <line number="163" hits="15" branch="False" />
            <line number="164" hits="15" branch="False" />
            <line number="166" hits="15" branch="False" />
            <line number="169" hits="352" branch="False" />
            <line number="170" hits="352" branch="False" />
            <line number="171" hits="352" branch="False" />
            <line number="172" hits="3169" branch="False" />
            <line number="174" hits="44" branch="True" condition-coverage="50% (1/2)">
              <conditions>
                <condition number="325" type="jump" coverage="50%" />
              </conditions>
            </line>
            <line number="175" hits="0" branch="False" />
            <line number="177" hits="0" branch="False" />
            <line number="180" hits="44" branch="False" />
            <line number="181" hits="44" branch="False" />
            <line number="183" hits="44" branch="False" />
            <line number="184" hits="44" branch="False" />
            <line number="186" hits="44" branch="True" condition-coverage="100% (2/2)">
              <conditions>
                <condition number="426" type="jump" coverage="100%" />
              </conditions>
            </line>
            <line number="189" hits="4" branch="True" condition-coverage="100% (2/2)">
              <conditions>
                <condition number="443" type="jump" coverage="100%" />
              </conditions>
            </line>
            <line number="190" hits="4" branch="False" />
            <line number="191" hits="4" branch="False" />
            <line number="192" hits="4" branch="False" />
            <line number="194" hits="4" branch="False" />
            <line number="195" hits="4" branch="False" />
            <line number="196" hits="4" branch="False" />
            <line number="199" hits="40" branch="False" />
            <line number="201" hits="40" branch="True" condition-coverage="100% (4/4)">
              <conditions>
                <condition number="538" type="jump" coverage="100%" />
                <condition number="622" type="jump" coverage="100%" />
              </conditions>
            </line>
            <line number="202" hits="13" branch="False" />
            <line number="203" hits="13" branch="False" />
            <line number="205" hits="13" branch="True" condition-coverage="100% (2/2)">
              <conditions>
                <condition number="672" type="jump" coverage="100%" />
              </conditions>
            </line>
            <line number="206" hits="2" branch="False" />
            <line number="207" hits="2" branch="False" />
            <line number="209" hits="2" branch="False" />
            <line number="212" hits="11" branch="False" />
            <line number="213" hits="11" branch="False" />
            <line number="216" hits="38" branch="True" condition-coverage="100% (2/2)">
              <conditions>
                <condition number="729" type="jump" coverage="100%" />
              </conditions>
            </line>
            <line number="217" hits="11" branch="False" />
            <line number="218" hits="11" branch="True" condition-coverage="100% (2/2)">
              <conditions>
                <condition number="738" type="jump" coverage="100%" />
              </conditions>
            </line>
            <line number="219" hits="11" branch="False" />
            <line number="220" hits="11" branch="False" />
            <line number="221" hits="11" branch="False" />
            <line number="223" hits="11" branch="False" />
            <line number="226" hits="27" branch="True" condition-coverage="100% (2/2)">
              <conditions>
                <condition number="804" type="jump" coverage="100%" />
              </conditions>
            </line>
            <line number="227" hits="1" branch="False" />
            <line number="228" hits="1" branch="True" condition-coverage="50% (1/2)">
              <conditions>
                <condition number="841" type="jump" coverage="50%" />
              </conditions>
            </line>
            <line number="229" hits="1" branch="False" />
            <line number="230" hits="1" branch="False" />
            <line number="233" hits="0" branch="False" />
            <line number="235" hits="0" branch="False" />
            <line number="238" hits="26" branch="False" />
            <line number="240" hits="26" branch="True" condition-coverage="100% (2/2)">
              <conditions>
                <condition number="969" type="jump" coverage="100%" />
              </conditions>
            </line>
            <line number="242" hits="20" branch="True" condition-coverage="50% (1/2)">
              <conditions>
                <condition number="984" type="jump" coverage="50%" />
              </conditions>
            </line>
            <line number="243" hits="0" branch="False" />
            <line number="244" hits="0" branch="False" />
            <line number="246" hits="0" branch="False" />
            <line number="247" hits="0" branch="False" />
            <line number="248" hits="0" branch="False" />
            <line number="252" hits="26" branch="True" condition-coverage="100% (2/2)">
              <conditions>
                <condition number="1090" type="jump" coverage="100%" />
              </conditions>
            </line>
            <line number="253" hits="26" branch="False" />
            <line number="254" hits="26" branch="False" />
            <line number="255" hits="26" branch="False" />
            <line number="257" hits="26" branch="True" condition-coverage="100% (2/2)">
              <conditions>
                <condition number="1126" type="jump" coverage="100%" />
              </conditions>
            </line>
            <line number="258" hits="2" branch="False" />
            <line number="259" hits="2" branch="False" />
            <line number="262" hits="24" branch="True" condition-coverage="100% (4/4)">
              <conditions>
                <condition number="1145" type="jump" coverage="100%" />
                <condition number="1168" type="jump" coverage="100%" />
              </conditions>
            </line>
            <line number="263" hits="11" branch="False" />
            <line number="264" hits="11" branch="True" condition-coverage="50% (1/2)">
              <conditions>
                <condition number="1187" type="jump" coverage="50%" />
              </conditions>
            </line>
            <line number="265" hits="0" branch="False" />
            <line number="266" hits="0" branch="False" />
            <line number="267" hits="0" branch="False" />
            <line number="268" hits="11" branch="False" />
            <line number="270" hits="13" branch="False" />
            <line number="271" hits="13" branch="True" condition-coverage="50% (1/2)">
              <conditions>
                <condition number="1238" type="jump" coverage="50%" />
              </conditions>
            </line>
            <line number="272" hits="0" branch="False" />
            <line number="273" hits="0" branch="False" />
            <line number="274" hits="0" branch="False" />
            <line number="275" hits="13" branch="False" />
            <line number="276" hits="59" branch="False" />
            <line number="279" hits="13" branch="False" />
            <line number="280" hits="13" branch="True" condition-coverage="100% (2/2)">
              <conditions>
                <condition number="14" type="jump" coverage="100%" />
              </conditions>
            </line>
            <line number="281" hits="4" branch="False" />
            <line number="283" hits="4" branch="True" condition-coverage="87.5% (7/8)">
              <conditions>
                <condition number="26" type="jump" coverage="50%" />
                <condition number="47" type="jump" coverage="100%" />
                <condition number="68" type="jump" coverage="100%" />
                <condition number="124" type="jump" coverage="100%" />
              </conditions>
            </line>
            <line number="284" hits="4" branch="False" />
            <line number="285" hits="4" branch="False" />
            <line number="286" hits="2" branch="False" />
            <line number="287" hits="2" branch="False" />
            <line number="288" hits="2" branch="False" />
            <line number="289" hits="2" branch="True" condition-coverage="100% (2/2)">
              <conditions>
                <condition number="164" type="jump" coverage="100%" />
              </conditions>
            </line>
            <line number="290" hits="1" branch="False" />
            <line number="291" hits="1" branch="False" />
            <line number="292" hits="1" branch="False" />
            <line number="294" hits="2" branch="False" />
            <line number="297" hits="2" branch="False" />
            <line number="300" hits="9" branch="True" condition-coverage="100% (2/2)">
              <conditions>
                <condition number="220" type="jump" coverage="100%" />
              </conditions>
            </line>
            <line number="301" hits="9" branch="False" />
            <line number="303" hits="9" branch="True" condition-coverage="100% (2/2)">
              <conditions>
                <condition number="249" type="jump" coverage="100%" />
              </conditions>
            </line>
            <line number="304" hits="4" branch="False" />
            <line number="305" hits="4" branch="False" />
            <line number="306" hits="4" branch="True" condition-coverage="100% (2/2)">
              <conditions>
                <condition number="277" type="jump" coverage="100%" />
              </conditions>
            </line>
            <line number="307" hits="4" branch="False" />
            <line number="308" hits="4" branch="False" />
            <line number="309" hits="4" branch="False" />
            <line number="311" hits="4" branch="False" />
            <line number="313" hits="5" branch="False" />
            <line number="315" hits="5" branch="False" />
            <line number="316" hits="13" branch="False" />
            <line number="319" hits="17" branch="False" />
            <line number="321" hits="17" branch="True" condition-coverage="100% (8/8)">
              <conditions>
                <condition number="7" type="jump" coverage="100%" />
                <condition number="28" type="jump" coverage="100%" />
                <condition number="49" type="jump" coverage="100%" />
                <condition number="125" type="jump" coverage="100%" />
              </conditions>
            </line>
            <line number="322" hits="17" branch="False" />
            <line number="323" hits="17" branch="False" />
            <line number="324" hits="2" branch="False" />
            <line number="325" hits="2" branch="False" />
            <line number="326" hits="2" branch="False" />
            <line number="327" hits="2" branch="False" />
            <line number="329" hits="2" branch="False" />
            <line number="333" hits="15" branch="True" condition-coverage="100% (8/8)">
              <conditions>
                <condition number="236" type="jump" coverage="100%" />
                <condition number="257" type="jump" coverage="100%" />
                <condition number="278" type="jump" coverage="100%" />
                <condition number="312" type="jump" coverage="100%" />
              </conditions>
            </line>
            <line number="334" hits="15" branch="False" />
            <line number="335" hits="5" branch="False" />
            <line number="336" hits="5" branch="False" />
            <line number="337" hits="5" branch="False" />
            <line number="339" hits="5" branch="False" />
            <line number="342" hits="10" branch="False" />
            <line number="343" hits="17" branch="False" />
            <line number="346" hits="55" branch="False" />
            <line number="347" hits="55" branch="True" condition-coverage="100% (2/2)">
              <conditions>
                <condition number="21" type="jump" coverage="100%" />
              </conditions>
            </line>
            <line number="348" hits="12" branch="False" />
            <line number="349" hits="12" branch="False" />
            <line number="352" hits="43" branch="True" condition-coverage="100% (2/2)">
              <conditions>
                <condition number="39" type="jump" coverage="100%" />
              </conditions>
            </line>
            <line number="353" hits="43" branch="False" />
            <line number="354" hits="43" branch="False" />
            <line number="355" hits="43" branch="False" />
            <line number="357" hits="43" branch="False" />
            <line number="360" hits="43" branch="True" condition-coverage="100% (6/6)">
              <conditions>
                <condition number="197" type="jump" coverage="100%" />
                <condition number="242" type="jump" coverage="100%" />
                <condition number="275" type="jump" coverage="100%" />
              </conditions>
            </line>
            <line number="361" hits="8" branch="False" />
            <line number="362" hits="8" branch="False" />
            <line number="363" hits="8" branch="False" />
            <line number="364" hits="8" branch="False" />
            <line number="366" hits="8" branch="False" />
            <line number="368" hits="8" branch="False" />
            <line number="371" hits="35" branch="True" condition-coverage="100% (2/2)">
              <conditions>
                <condition number="470" type="jump" coverage="100%" />
              </conditions>
            </line>
            <line number="372" hits="2" branch="False" />
            <line number="373" hits="2" branch="True" condition-coverage="50% (1/2)">
              <conditions>
                <condition number="512" type="jump" coverage="50%" />
              </conditions>
            </line>
            <line number="374" hits="0" branch="False" />
            <line number="375" hits="0" branch="False" />
            <line number="376" hits="0" branch="False" />
            <line number="378" hits="2" branch="False" />
            <line number="382" hits="33" branch="True" condition-coverage="100% (6/6)">
              <conditions>
                <condition number="599" type="jump" coverage="100%" />
                <condition number="612" type="jump" coverage="100%" />
                <condition number="635" type="jump" coverage="100%" />
              </conditions>
            </line>
            <line number="383" hits="33" branch="False" />
            <line number="384" hits="15" branch="False" />
            <line number="385" hits="15" branch="False" />
            <line number="387" hits="15" branch="False" />
            <line number="391" hits="18" branch="True" condition-coverage="100% (2/2)">
              <conditions>
                <condition number="712" type="jump" coverage="100%" />
              </conditions>
            </line>
            <line number="392" hits="15" branch="False" />
            <line number="393" hits="15" branch="False" />
            <line number="394" hits="15" branch="False" />
            <line number="397" hits="18" branch="True" condition-coverage="100% (2/2)">
              <conditions>
                <condition number="798" type="jump" coverage="100%" />
              </conditions>
            </line>
            <line number="398" hits="4" branch="False" />
            <line number="399" hits="4" branch="False" />
            <line number="401" hits="4" branch="False" />
            <line number="405" hits="14" branch="True" condition-coverage="100% (2/2)">
              <conditions>
                <condition number="878" type="jump" coverage="100%" />
              </conditions>
            </line>
            <line number="406" hits="8" branch="False" />
            <line number="407" hits="8" branch="False" />
            <line number="408" hits="8" branch="False" />
            <line number="409" hits="55" branch="False" />
            <line number="412" hits="41" branch="False" />
            <line number="413" hits="41" branch="True" condition-coverage="100% (2/2)">
              <conditions>
                <condition number="15" type="jump" coverage="100%" />
              </conditions>
            </line>
            <line number="414" hits="29" branch="False" />
            <line number="415" hits="29" branch="True" condition-coverage="100% (4/4)">
              <conditions>
                <condition number="35" type="jump" coverage="100%" />
                <condition number="44" type="jump" coverage="100%" />
              </conditions>
            </line>
            <line number="416" hits="29" branch="False" />
            <line number="417" hits="29" branch="False" />
            <line number="419" hits="29" branch="False" />
            <line number="420" hits="29" branch="False" />
            <line number="422" hits="41" branch="True" condition-coverage="100% (2/2)">
              <conditions>
                <condition number="142" type="jump" coverage="100%" />
              </conditions>
            </line>
            <line number="423" hits="12" branch="False" />
            <line number="424" hits="12" branch="False" />
            <line number="425" hits="12" branch="False" />
            <line number="427" hits="12" branch="False" />
            <line number="430" hits="29" branch="True" condition-coverage="50% (1/2)">
              <conditions>
                <condition number="177" type="jump" coverage="50%" />
              </conditions>
            </line>
            <line number="432" hits="29" branch="False" />
            <line number="433" hits="29" branch="False" />
            <line number="434" hits="29" branch="False" />
            <line number="435" hits="29" branch="False" />
            <line number="436" hits="29" branch="False" />
            <line number="437" hits="41" branch="False" />
            <line number="11" hits="16" branch="False" />
          </lines>
        </class>
        <class name="Skills.TP._2025.ES.TestModule.Solution.Services.DefaultDiagnosticDataProcessor/WindmillData" filename="Services/DefaultDiagnosticDataProcessor.cs" line-rate="0.875" branch-rate="1" complexity="8">
          <methods>
            <method name="get_Id" signature="()" line-rate="0" branch-rate="1" complexity="1">
              <lines>
                <line number="121" hits="0" branch="False" />
              </lines>
            </method>
            <method name="get_Status" signature="()" line-rate="1" branch-rate="1" complexity="1">
              <lines>
                <line number="122" hits="137" branch="False" />
              </lines>
            </method>
            <method name="get_RecordedAtMilliseconds" signature="()" line-rate="1" branch-rate="1" complexity="1">
              <lines>
                <line number="123" hits="155" branch="False" />
              </lines>
            </method>
            <method name="get_WindSpeed" signature="()" line-rate="1" branch-rate="1" complexity="1">
              <lines>
                <line number="124" hits="57" branch="False" />
              </lines>
            </method>
            <method name="get_PowerOutput" signature="()" line-rate="1" branch-rate="1" complexity="1">
              <lines>
                <line number="125" hits="124" branch="False" />
              </lines>
            </method>
            <method name="get_RotorSpeed" signature="()" line-rate="1" branch-rate="1" complexity="1">
              <lines>
                <line number="126" hits="36" branch="False" />
              </lines>
            </method>
            <method name="get_Temperature" signature="()" line-rate="1" branch-rate="1" complexity="1">
              <lines>
                <line number="127" hits="115" branch="False" />
              </lines>
            </method>
            <method name="get_RatedPower" signature="()" line-rate="1" branch-rate="1" complexity="1">
              <lines>
                <line number="128" hits="16" branch="False" />
              </lines>
            </method>
          </methods>
          <lines>
            <line number="121" hits="0" branch="False" />
            <line number="122" hits="137" branch="False" />
            <line number="123" hits="155" branch="False" />
            <line number="124" hits="57" branch="False" />
            <line number="125" hits="124" branch="False" />
            <line number="126" hits="36" branch="False" />
            <line number="127" hits="115" branch="False" />
            <line number="128" hits="16" branch="False" />
          </lines>
        </class>
        <class name="Skills.TP._2025.ES.TestModule.Solution.Services.DefaultDiagnosticDataProcessor/&lt;&gt;c" filename="Services/DefaultDiagnosticDataProcessor.cs" line-rate="1" branch-rate="1" complexity="3">
          <methods>
            <method name="&lt;Process&gt;b__10_0" signature="(Skills.TP._2025.ES.TestModule.Common.Models.DiagnosticSegment)" line-rate="1" branch-rate="1" complexity="1">
              <lines>
                <line number="113" hits="29" branch="False" />
              </lines>
            </method>
            <method name="&lt;Process&gt;b__10_1" signature="(Skills.TP._2025.ES.TestModule.Common.Models.DiagnosticSegment)" line-rate="1" branch-rate="1" complexity="1">
              <lines>
                <line number="114" hits="29" branch="False" />
              </lines>
            </method>
            <method name="&lt;Process&gt;b__10_2" signature="(Skills.TP._2025.ES.TestModule.Common.Models.DiagnosticSegment)" line-rate="1" branch-rate="1" complexity="1">
              <lines>
                <line number="115" hits="29" branch="False" />
              </lines>
            </method>
          </methods>
          <lines>
            <line number="113" hits="29" branch="False" />
            <line number="114" hits="29" branch="False" />
            <line number="115" hits="29" branch="False" />
          </lines>
        </class>
        <class name="Skills.TP._2025.ES.TestModule.Solution.Services.DefaultDiagnosticDataProcessor/&lt;Process&gt;d__10" filename="Services/DefaultDiagnosticDataProcessor.cs" line-rate="0.9854999999999999" branch-rate="0.9166" complexity="24">
          <methods>
            <method name="MoveNext" signature="()" line-rate="0.9854999999999999" branch-rate="0.9166" complexity="24">
              <lines>
                <line number="23" hits="16" branch="False" />
                <line number="25" hits="16" branch="False" />
                <line number="26" hits="16" branch="False" />
                <line number="27" hits="16" branch="False" />
                <line number="30" hits="16" branch="False" />
                <line number="31" hits="16" branch="False" />
                <line number="32" hits="15" branch="False" />
                <line number="34" hits="43" branch="False" />
                <line number="35" hits="43" branch="False" />
                <line number="36" hits="43" branch="False" />
                <line number="37" hits="43" branch="True" condition-coverage="100% (4/4)">
                  <conditions>
                    <condition number="251" type="jump" coverage="100%" />
                    <condition number="269" type="jump" coverage="100%" />
                  </conditions>
                </line>
                <line number="38" hits="15" branch="False" />
                <line number="39" hits="15" branch="False" />
                <line number="42" hits="28" branch="True" condition-coverage="100% (2/2)">
                  <conditions>
                    <condition number="290" type="jump" coverage="100%" />
                  </conditions>
                </line>
                <line number="43" hits="14" branch="False" />
                <line number="44" hits="14" branch="False" />
                <line number="45" hits="14" branch="False" />
                <line number="47" hits="28" branch="False" />
                <line number="48" hits="28" branch="False" />
                <line number="49" hits="28" branch="False" />
                <line number="51" hits="10960" branch="True" condition-coverage="100% (2/2)">
                  <conditions>
                    <condition number="559" type="jump" coverage="100%" />
                  </conditions>
                </line>
                <line number="52" hits="5452" branch="False" />
                <line number="53" hits="5452" branch="True" condition-coverage="100% (2/2)">
                  <conditions>
                    <condition number="381" type="jump" coverage="100%" />
                  </conditions>
                </line>
                <line number="54" hits="45" branch="False" />
                <line number="55" hits="45" branch="False" />
                <line number="56" hits="45" branch="True" condition-coverage="50% (2/4)">
                  <conditions>
                    <condition number="411" type="jump" coverage="50%" />
                    <condition number="440" type="jump" coverage="50%" />
                  </conditions>
                </line>
                <line number="57" hits="0" branch="False" />
                <line number="59" hits="45" branch="False" />
                <line number="60" hits="45" branch="False" />
                <line number="62" hits="45" branch="False" />
                <line number="63" hits="45" branch="False" />
                <line number="64" hits="5452" branch="False" />
                <line number="66" hits="28" branch="False" />
                <line number="68" hits="28" branch="True" condition-coverage="100% (2/2)">
                  <conditions>
                    <condition number="596" type="jump" coverage="100%" />
                  </conditions>
                </line>
                <line number="69" hits="28" branch="False" />
                <line number="70" hits="28" branch="False" />
                <line number="71" hits="28" branch="False" />
                <line number="73" hits="28" branch="True" condition-coverage="100% (4/4)">
                  <conditions>
                    <condition number="647" type="jump" coverage="100%" />
                    <condition number="665" type="jump" coverage="100%" />
                  </conditions>
                </line>
                <line number="74" hits="14" branch="False" />
                <line number="75" hits="14" branch="False" />
                <line number="76" hits="14" branch="False" />
                <line number="77" hits="14" branch="False" />
                <line number="78" hits="28" branch="False" />
                <line number="79" hits="15" branch="False" />
                <line number="81" hits="16" branch="False" />
                <line number="82" hits="16" branch="False" />
                <line number="83" hits="16" branch="False" />
                <line number="85" hits="15" branch="True" condition-coverage="100% (2/2)">
                  <conditions>
                    <condition number="810" type="jump" coverage="100%" />
                  </conditions>
                </line>
                <line number="86" hits="3" branch="False" />
                <line number="87" hits="3" branch="False" />
                <line number="90" hits="12" branch="False" />
                <line number="91" hits="12" branch="False" />
                <line number="93" hits="12" branch="False" />
                <line number="94" hits="12" branch="False" />
                <line number="97" hits="12" branch="False" />
                <line number="99" hits="12" branch="True" condition-coverage="100% (2/2)">
                  <conditions>
                    <condition number="963" type="jump" coverage="100%" />
                  </conditions>
                </line>
                <line number="100" hits="2" branch="False" />
                <line number="101" hits="2" branch="False" />
                <line number="102" hits="2" branch="False" />
                <line number="103" hits="2" branch="False" />
                <line number="106" hits="12" branch="False" />
                <line number="108" hits="12" branch="False" />
                <line number="109" hits="12" branch="False" />
                <line number="110" hits="12" branch="False" />
                <line number="111" hits="12" branch="False" />
                <line number="112" hits="12" branch="False" />
                <line number="116" hits="12" branch="False" />
                <line number="117" hits="12" branch="False" />
                <line number="118" hits="15" branch="False" />
              </lines>
            </method>
          </methods>
          <lines>
            <line number="23" hits="16" branch="False" />
            <line number="25" hits="16" branch="False" />
            <line number="26" hits="16" branch="False" />
            <line number="27" hits="16" branch="False" />
            <line number="30" hits="16" branch="False" />
            <line number="31" hits="16" branch="False" />
            <line number="32" hits="15" branch="False" />
            <line number="34" hits="43" branch="False" />
            <line number="35" hits="43" branch="False" />
            <line number="36" hits="43" branch="False" />
            <line number="37" hits="43" branch="True" condition-coverage="100% (4/4)">
              <conditions>
                <condition number="251" type="jump" coverage="100%" />
                <condition number="269" type="jump" coverage="100%" />
              </conditions>
            </line>
            <line number="38" hits="15" branch="False" />
            <line number="39" hits="15" branch="False" />
            <line number="42" hits="28" branch="True" condition-coverage="100% (2/2)">
              <conditions>
                <condition number="290" type="jump" coverage="100%" />
              </conditions>
            </line>
            <line number="43" hits="14" branch="False" />
            <line number="44" hits="14" branch="False" />
            <line number="45" hits="14" branch="False" />
            <line number="47" hits="28" branch="False" />
            <line number="48" hits="28" branch="False" />
            <line number="49" hits="28" branch="False" />
            <line number="51" hits="10960" branch="True" condition-coverage="100% (2/2)">
              <conditions>
                <condition number="559" type="jump" coverage="100%" />
              </conditions>
            </line>
            <line number="52" hits="5452" branch="False" />
            <line number="53" hits="5452" branch="True" condition-coverage="100% (2/2)">
              <conditions>
                <condition number="381" type="jump" coverage="100%" />
              </conditions>
            </line>
            <line number="54" hits="45" branch="False" />
            <line number="55" hits="45" branch="False" />
            <line number="56" hits="45" branch="True" condition-coverage="50% (2/4)">
              <conditions>
                <condition number="411" type="jump" coverage="50%" />
                <condition number="440" type="jump" coverage="50%" />
              </conditions>
            </line>
            <line number="57" hits="0" branch="False" />
            <line number="59" hits="45" branch="False" />
            <line number="60" hits="45" branch="False" />
            <line number="62" hits="45" branch="False" />
            <line number="63" hits="45" branch="False" />
            <line number="64" hits="5452" branch="False" />
            <line number="66" hits="28" branch="False" />
            <line number="68" hits="28" branch="True" condition-coverage="100% (2/2)">
              <conditions>
                <condition number="596" type="jump" coverage="100%" />
              </conditions>
            </line>
            <line number="69" hits="28" branch="False" />
            <line number="70" hits="28" branch="False" />
            <line number="71" hits="28" branch="False" />
            <line number="73" hits="28" branch="True" condition-coverage="100% (4/4)">
              <conditions>
                <condition number="647" type="jump" coverage="100%" />
                <condition number="665" type="jump" coverage="100%" />
              </conditions>
            </line>
            <line number="74" hits="14" branch="False" />
            <line number="75" hits="14" branch="False" />
            <line number="76" hits="14" branch="False" />
            <line number="77" hits="14" branch="False" />
            <line number="78" hits="28" branch="False" />
            <line number="79" hits="15" branch="False" />
            <line number="81" hits="16" branch="False" />
            <line number="82" hits="16" branch="False" />
            <line number="83" hits="16" branch="False" />
            <line number="85" hits="15" branch="True" condition-coverage="100% (2/2)">
              <conditions>
                <condition number="810" type="jump" coverage="100%" />
              </conditions>
            </line>
            <line number="86" hits="3" branch="False" />
            <line number="87" hits="3" branch="False" />
            <line number="90" hits="12" branch="False" />
            <line number="91" hits="12" branch="False" />
            <line number="93" hits="12" branch="False" />
            <line number="94" hits="12" branch="False" />
            <line number="97" hits="12" branch="False" />
            <line number="99" hits="12" branch="True" condition-coverage="100% (2/2)">
              <conditions>
                <condition number="963" type="jump" coverage="100%" />
              </conditions>
            </line>
            <line number="100" hits="2" branch="False" />
            <line number="101" hits="2" branch="False" />
            <line number="102" hits="2" branch="False" />
            <line number="103" hits="2" branch="False" />
            <line number="106" hits="12" branch="False" />
            <line number="108" hits="12" branch="False" />
            <line number="109" hits="12" branch="False" />
            <line number="110" hits="12" branch="False" />
            <line number="111" hits="12" branch="False" />
            <line number="112" hits="12" branch="False" />
            <line number="116" hits="12" branch="False" />
            <line number="117" hits="12" branch="False" />
            <line number="118" hits="15" branch="False" />
          </lines>
        </class>
      </classes>
    </package>
  </packages>
</coverage>