<?xml version="1.0" encoding="utf-8"?>
<!--
  One test class's own coverage run: what WidgetTests alone reached. Hand-sized so the expected totals can be
  counted by eye - 6 of 8 lines, across two classes, which is also what lines-covered / lines-valid say.
-->
<coverage line-rate="0.75" branch-rate="1" version="1.9" timestamp="1757679335" lines-covered="6" lines-valid="8" branches-covered="0" branches-valid="0">
  <sources>
    <source>/app/</source>
  </sources>
  <packages>
    <package name="Acme.Services" line-rate="0.75" branch-rate="1" complexity="4">
      <classes>
        <class name="Acme.Services.Widget" filename="Services/Widget.cs" line-rate="1" branch-rate="1" complexity="2">
          <methods>
            <method name="Build" signature="()" line-rate="1" branch-rate="1" complexity="2">
              <lines>
                <line number="5" hits="3" branch="False" />
                <line number="6" hits="3" branch="False" />
              </lines>
            </method>
          </methods>
          <lines>
            <line number="5" hits="3" branch="False" />
            <line number="6" hits="3" branch="False" />
            <line number="7" hits="1" branch="False" />
            <line number="8" hits="1" branch="False" />
          </lines>
        </class>
        <class name="Acme.Program" filename="Program.cs" line-rate="0.5" branch-rate="1" complexity="2">
          <lines>
            <line number="3" hits="2" branch="False" />
            <line number="4" hits="2" branch="False" />
            <line number="5" hits="0" branch="False" />
            <line number="6" hits="0" branch="False" />
          </lines>
        </class>
      </classes>
    </package>
  </packages>
</coverage>
