<?xml version="1.0" encoding="utf-8"?>
<!--
  A second class's run over the same code: 2 of 8 lines. Same denominator as WidgetTests, which is the point -
  every per-fixture run measures the whole project, so two classes' coverage is comparable.
-->
<coverage line-rate="0.25" branch-rate="1" version="1.9" timestamp="1757679335" lines-covered="2" lines-valid="8" branches-covered="0" branches-valid="0">
  <sources>
    <source>/app/</source>
  </sources>
  <packages>
    <package name="Acme.Services" line-rate="0.25" branch-rate="1" complexity="4">
      <classes>
        <class name="Acme.Services.Widget" filename="Services/Widget.cs" line-rate="0" branch-rate="1" complexity="2">
          <lines>
            <line number="5" hits="0" branch="False" />
            <line number="6" hits="0" branch="False" />
            <line number="7" hits="0" branch="False" />
            <line number="8" hits="0" branch="False" />
          </lines>
        </class>
        <class name="Acme.Program" filename="Program.cs" line-rate="0.5" branch-rate="1" complexity="2">
          <lines>
            <line number="3" hits="1" branch="False" />
            <line number="4" hits="1" branch="False" />
            <line number="5" hits="0" branch="False" />
            <line number="6" hits="0" branch="False" />
          </lines>
        </class>
      </classes>
    </package>
  </packages>
</coverage>
